Time resolution is 1 ps
Stopped at time : 0 fs : File "D:/FPGA/workspace/laser_receiver_project/laser_receiver_project.srcs/sources_1/imports/AD7606/AD7606.v" Line 83
XilinxAXIVIP: Found at Path: laser_receiver_block_wrapper.laser_receiver_block_i.processing_system7_0.inst.M_AXI_GP0.master
[0] : *ZYNQ_VIP_INFO : M_AXI_GP0 : Port is ENABLED.
XilinxAXIVIP: Found at Path: laser_receiver_block_wrapper.laser_receiver_block_i.processing_system7_0.inst.M_AXI_GP1.master
[0] : *ZYNQ_VIP_INFO : M_AXI_GP1 : Port is DISABLED.
XilinxAXIVIP: Found at Path: laser_receiver_block_wrapper.laser_receiver_block_i.processing_system7_0.inst.S_AXI_GP0.slave
[0] : *ZYNQ_VIP_INFO : S_AXI_GP0 : Port is DISABLED.
XilinxAXIVIP: Found at Path: laser_receiver_block_wrapper.laser_receiver_block_i.processing_system7_0.inst.S_AXI_GP1.slave
[0] : *ZYNQ_VIP_INFO : S_AXI_GP1 : Port is DISABLED.
XilinxAXIVIP: Found at Path: laser_receiver_block_wrapper.laser_receiver_block_i.processing_system7_0.inst.S_AXI_HP0.slave
[0] : *ZYNQ_VIP_INFO : S_AXI_HP0 : Port is DISABLED.
                   0 BEFORE checking line ...... x
                   0 AFTER checking line ...... x
XilinxAXIVIP: Found at Path: laser_receiver_block_wrapper.laser_receiver_block_i.processing_system7_0.inst.S_AXI_HP1.slave
[0] : *ZYNQ_VIP_INFO : S_AXI_HP1 : Port is DISABLED.
                   0 BEFORE checking line ...... x
                   0 AFTER checking line ...... x
XilinxAXIVIP: Found at Path: laser_receiver_block_wrapper.laser_receiver_block_i.processing_system7_0.inst.S_AXI_HP2.slave
[0] : *ZYNQ_VIP_INFO : S_AXI_HP2 : Port is DISABLED.
                   0 BEFORE checking line ...... x
                   0 AFTER checking line ...... x
XilinxAXIVIP: Found at Path: laser_receiver_block_wrapper.laser_receiver_block_i.processing_system7_0.inst.S_AXI_HP3.slave
[0] : *ZYNQ_VIP_INFO : S_AXI_HP3 : Port is DISABLED.
                   0 BEFORE checking line ...... x
                   0 AFTER checking line ...... x
XilinxAXIVIP: Found at Path: laser_receiver_block_wrapper.laser_receiver_block_i.processing_system7_0.inst.S_AXI_ACP.slave
[0] : *ZYNQ_VIP_INFO : S_AXI_ACP : Port is DISABLED.
                   0 else checking line ......x
Stopped at time : 5 ns : File "D:/FPGA/workspace/laser_receiver_project/laser_receiver_project.srcs/sources_1/imports/AD7606/AD7606.v" Line 100
Stopped at time : 5 ns : File "D:/FPGA/workspace/laser_receiver_project/laser_receiver_project.srcs/sources_1/imports/AD7606/AD7606.v" Line 101
WARNING: 5 ns laser_receiver_block_wrapper.laser_receiver_block_i.processing_system7_0.inst.M_AXI_GP0.master.IF : ARESET_N can't be X/Z after 1 cycle of clock. To downgrade, use <hierarchy_path to VIP>.IF.set_enable_xchecks_to_warn(), or filter using clr_enable_xchecks.
Stopped at time : 1525 ns : File "D:/FPGA/workspace/laser_receiver_project/laser_receiver_project.srcs/sources_1/imports/AD7606/AD7606.v" Line 106
Stopped at time : 5545 ns : File "D:/FPGA/workspace/laser_receiver_project/laser_receiver_project.srcs/sources_1/imports/AD7606/AD7606.v" Line 113
Stopped at time : 305565 ns : File "D:/FPGA/workspace/laser_receiver_project/laser_receiver_project.srcs/sources_1/imports/AD7606/AD7606.v" Line 120
Stopped at time : 305685 ns : File "D:/FPGA/workspace/laser_receiver_project/laser_receiver_project.srcs/sources_1/imports/AD7606/AD7606.v" Line 130
Stopped at time : 305805 ns : File "D:/FPGA/workspace/laser_receiver_project/laser_receiver_project.srcs/sources_1/imports/AD7606/AD7606.v" Line 138
Stopped at time : 305925 ns : File "D:/FPGA/workspace/laser_receiver_project/laser_receiver_project.srcs/sources_1/imports/AD7606/AD7606.v" Line 146
Stopped at time : 306045 ns : File "D:/FPGA/workspace/laser_receiver_project/laser_receiver_project.srcs/sources_1/imports/AD7606/AD7606.v" Line 155
Stopped at time : 306165 ns : File "D:/FPGA/workspace/laser_receiver_project/laser_receiver_project.srcs/sources_1/imports/AD7606/AD7606.v" Line 163
Stopped at time : 306285 ns : File "D:/FPGA/workspace/laser_receiver_project/laser_receiver_project.srcs/sources_1/imports/AD7606/AD7606.v" Line 172
Stopped at time : 306405 ns : File "D:/FPGA/workspace/laser_receiver_project/laser_receiver_project.srcs/sources_1/imports/AD7606/AD7606.v" Line 180
Stopped at time : 306525 ns : File "D:/FPGA/workspace/laser_receiver_project/laser_receiver_project.srcs/sources_1/imports/AD7606/AD7606.v" Line 189
Stopped at time : 306645 ns : File "D:/FPGA/workspace/laser_receiver_project/laser_receiver_project.srcs/sources_1/imports/AD7606/AD7606.v" Line 197
Stopped at time : 306765 ns : File "D:/FPGA/workspace/laser_receiver_project/laser_receiver_project.srcs/sources_1/imports/AD7606/AD7606.v" Line 205
Stopped at time : 306775 ns : File "D:/FPGA/workspace/laser_receiver_project/laser_receiver_project.srcs/sources_1/imports/AD7606/AD7606.v" Line 205
Stopped at time : 306785 ns : File "D:/FPGA/workspace/laser_receiver_project/laser_receiver_project.srcs/sources_1/imports/AD7606/AD7606.v" Line 205
Stopped at time : 306795 ns : File "D:/FPGA/workspace/laser_receiver_project/laser_receiver_project.srcs/sources_1/imports/AD7606/AD7606.v" Line 205
Stopped at time : 306805 ns : File "D:/FPGA/workspace/laser_receiver_project/laser_receiver_project.srcs/sources_1/imports/AD7606/AD7606.v" Line 205
Stopped at time : 306815 ns : File "D:/FPGA/workspace/laser_receiver_project/laser_receiver_project.srcs/sources_1/imports/AD7606/AD7606.v" Line 205
Stopped at time : 306825 ns : File "D:/FPGA/workspace/laser_receiver_project/laser_receiver_project.srcs/sources_1/imports/AD7606/AD7606.v" Line 205
Stopped at time : 306835 ns : File "D:/FPGA/workspace/laser_receiver_project/laser_receiver_project.srcs/sources_1/imports/AD7606/AD7606.v" Line 205
Stopped at time : 306845 ns : File "D:/FPGA/workspace/laser_receiver_project/laser_receiver_project.srcs/sources_1/imports/AD7606/AD7606.v" Line 205
Stopped at time : 306855 ns : File "D:/FPGA/workspace/laser_receiver_project/laser_receiver_project.srcs/sources_1/imports/AD7606/AD7606.v" Line 205
Stopped at time : 306865 ns : File "D:/FPGA/workspace/laser_receiver_project/laser_receiver_project.srcs/sources_1/imports/AD7606/AD7606.v" Line 205
Stopped at time : 306865 ns : File "D:/FPGA/workspace/laser_receiver_project/laser_receiver_project.srcs/sources_1/imports/AD7606/AD7606.v" Line 207
Stopped at time : 306985 ns : File "D:/FPGA/workspace/laser_receiver_project/laser_receiver_project.srcs/sources_1/imports/AD7606/AD7606.v" Line 218
Stopped at time : 307035 ns : File "D:/FPGA/workspace/laser_receiver_project/laser_receiver_project.srcs/sources_1/imports/AD7606/AD7606.v" Line 225
Stopped at time : 307045 ns : File "D:/FPGA/workspace/laser_receiver_project/laser_receiver_project.srcs/sources_1/imports/AD7606/AD7606.v" Line 225
Stopped at time : 307055 ns : File "D:/FPGA/workspace/laser_receiver_project/laser_receiver_project.srcs/sources_1/imports/AD7606/AD7606.v" Line 225
Stopped at time : 307065 ns : File "D:/FPGA/workspace/laser_receiver_project/laser_receiver_project.srcs/sources_1/imports/AD7606/AD7606.v" Line 225
Stopped at time : 307075 ns : File "D:/FPGA/workspace/laser_receiver_project/laser_receiver_project.srcs/sources_1/imports/AD7606/AD7606.v" Line 225
Stopped at time : 307085 ns : File "D:/FPGA/workspace/laser_receiver_project/laser_receiver_project.srcs/sources_1/imports/AD7606/AD7606.v" Line 233
Stopped at time : 307145 ns : File "D:/FPGA/workspace/laser_receiver_project/laser_receiver_project.srcs/sources_1/imports/AD7606/AD7606.v" Line 241
Stopped at time : 307185 ns : File "D:/FPGA/workspace/laser_receiver_project/laser_receiver_project.srcs/sources_1/imports/AD7606/AD7606.v" Line 259
Stopped at time : 307225 ns : File "D:/FPGA/workspace/laser_receiver_project/laser_receiver_project.srcs/sources_1/imports/AD7606/AD7606.v" Line 267
Stopped at time : 307235 ns : File "D:/FPGA/workspace/laser_receiver_project/laser_receiver_project.srcs/sources_1/imports/AD7606/AD7606.v" Line 233
Stopped at time : 307295 ns : File "D:/FPGA/workspace/laser_receiver_project/laser_receiver_project.srcs/sources_1/imports/AD7606/AD7606.v" Line 241
Stopped at time : 307335 ns : File "D:/FPGA/workspace/laser_receiver_project/laser_receiver_project.srcs/sources_1/imports/AD7606/AD7606.v" Line 259
Stopped at time : 307375 ns : File "D:/FPGA/workspace/laser_receiver_project/laser_receiver_project.srcs/sources_1/imports/AD7606/AD7606.v" Line 267
Stopped at time : 307385 ns : File "D:/FPGA/workspace/laser_receiver_project/laser_receiver_project.srcs/sources_1/imports/AD7606/AD7606.v" Line 233
Stopped at time : 307445 ns : File "D:/FPGA/workspace/laser_receiver_project/laser_receiver_project.srcs/sources_1/imports/AD7606/AD7606.v" Line 241
Stopped at time : 307485 ns : File "D:/FPGA/workspace/laser_receiver_project/laser_receiver_project.srcs/sources_1/imports/AD7606/AD7606.v" Line 259
Stopped at time : 307525 ns : File "D:/FPGA/workspace/laser_receiver_project/laser_receiver_project.srcs/sources_1/imports/AD7606/AD7606.v" Line 267
Stopped at time : 307535 ns : File "D:/FPGA/workspace/laser_receiver_project/laser_receiver_project.srcs/sources_1/imports/AD7606/AD7606.v" Line 233
Stopped at time : 307595 ns : File "D:/FPGA/workspace/laser_receiver_project/laser_receiver_project.srcs/sources_1/imports/AD7606/AD7606.v" Line 241
Stopped at time : 307635 ns : File "D:/FPGA/workspace/laser_receiver_project/laser_receiver_project.srcs/sources_1/imports/AD7606/AD7606.v" Line 259
Stopped at time : 307675 ns : File "D:/FPGA/workspace/laser_receiver_project/laser_receiver_project.srcs/sources_1/imports/AD7606/AD7606.v" Line 267
Stopped at time : 307685 ns : File "D:/FPGA/workspace/laser_receiver_project/laser_receiver_project.srcs/sources_1/imports/AD7606/AD7606.v" Line 233
Stopped at time : 307745 ns : File "D:/FPGA/workspace/laser_receiver_project/laser_receiver_project.srcs/sources_1/imports/AD7606/AD7606.v" Line 241
Stopped at time : 307785 ns : File "D:/FPGA/workspace/laser_receiver_project/laser_receiver_project.srcs/sources_1/imports/AD7606/AD7606.v" Line 259
Stopped at time : 307825 ns : File "D:/FPGA/workspace/laser_receiver_project/laser_receiver_project.srcs/sources_1/imports/AD7606/AD7606.v" Line 267
Stopped at time : 307835 ns : File "D:/FPGA/workspace/laser_receiver_project/laser_receiver_project.srcs/sources_1/imports/AD7606/AD7606.v" Line 233
Stopped at time : 307895 ns : File "D:/FPGA/workspace/laser_receiver_project/laser_receiver_project.srcs/sources_1/imports/AD7606/AD7606.v" Line 241
Stopped at time : 307935 ns : File "D:/FPGA/workspace/laser_receiver_project/laser_receiver_project.srcs/sources_1/imports/AD7606/AD7606.v" Line 259
Stopped at time : 307975 ns : File "D:/FPGA/workspace/laser_receiver_project/laser_receiver_project.srcs/sources_1/imports/AD7606/AD7606.v" Line 267
Stopped at time : 307985 ns : File "D:/FPGA/workspace/laser_receiver_project/laser_receiver_project.srcs/sources_1/imports/AD7606/AD7606.v" Line 233
Stopped at time : 308045 ns : File "D:/FPGA/workspace/laser_receiver_project/laser_receiver_project.srcs/sources_1/imports/AD7606/AD7606.v" Line 241
Stopped at time : 308085 ns : File "D:/FPGA/workspace/laser_receiver_project/laser_receiver_project.srcs/sources_1/imports/AD7606/AD7606.v" Line 259
Stopped at time : 308125 ns : File "D:/FPGA/workspace/laser_receiver_project/laser_receiver_project.srcs/sources_1/imports/AD7606/AD7606.v" Line 267
Stopped at time : 308135 ns : File "D:/FPGA/workspace/laser_receiver_project/laser_receiver_project.srcs/sources_1/imports/AD7606/AD7606.v" Line 233
Stopped at time : 308195 ns : File "D:/FPGA/workspace/laser_receiver_project/laser_receiver_project.srcs/sources_1/imports/AD7606/AD7606.v" Line 241
Stopped at time : 308235 ns : File "D:/FPGA/workspace/laser_receiver_project/laser_receiver_project.srcs/sources_1/imports/AD7606/AD7606.v" Line 259
Stopped at time : 308275 ns : File "D:/FPGA/workspace/laser_receiver_project/laser_receiver_project.srcs/sources_1/imports/AD7606/AD7606.v" Line 267
Stopped at time : 308285 ns : File "D:/FPGA/workspace/laser_receiver_project/laser_receiver_project.srcs/sources_1/imports/AD7606/AD7606.v" Line 273
Stopped at time : 308405 ns : File "D:/FPGA/workspace/laser_receiver_project/laser_receiver_project.srcs/sources_1/imports/AD7606/AD7606.v" Line 205
Stopped at time : 308405 ns : File "D:/FPGA/workspace/laser_receiver_project/laser_receiver_project.srcs/sources_1/imports/AD7606/AD7606.v" Line 207
Stopped at time : 308525 ns : File "D:/FPGA/workspace/laser_receiver_project/laser_receiver_project.srcs/sources_1/imports/AD7606/AD7606.v" Line 218
Stopped at time : 308575 ns : File "D:/FPGA/workspace/laser_receiver_project/laser_receiver_project.srcs/sources_1/imports/AD7606/AD7606.v" Line 225
Stopped at time : 308585 ns : File "D:/FPGA/workspace/laser_receiver_project/laser_receiver_project.srcs/sources_1/imports/AD7606/AD7606.v" Line 233
Stopped at time : 308645 ns : File "D:/FPGA/workspace/laser_receiver_project/laser_receiver_project.srcs/sources_1/imports/AD7606/AD7606.v" Line 241
Stopped at time : 308685 ns : File "D:/FPGA/workspace/laser_receiver_project/laser_receiver_project.srcs/sources_1/imports/AD7606/AD7606.v" Line 259
Stopped at time : 308725 ns : File "D:/FPGA/workspace/laser_receiver_project/laser_receiver_project.srcs/sources_1/imports/AD7606/AD7606.v" Line 267
Stopped at time : 308735 ns : File "D:/FPGA/workspace/laser_receiver_project/laser_receiver_project.srcs/sources_1/imports/AD7606/AD7606.v" Line 233
Stopped at time : 308795 ns : File "D:/FPGA/workspace/laser_receiver_project/laser_receiver_project.srcs/sources_1/imports/AD7606/AD7606.v" Line 241
Stopped at time : 308835 ns : File "D:/FPGA/workspace/laser_receiver_project/laser_receiver_project.srcs/sources_1/imports/AD7606/AD7606.v" Line 259
Stopped at time : 308875 ns : File "D:/FPGA/workspace/laser_receiver_project/laser_receiver_project.srcs/sources_1/imports/AD7606/AD7606.v" Line 267
Stopped at time : 308885 ns : File "D:/FPGA/workspace/laser_receiver_project/laser_receiver_project.srcs/sources_1/imports/AD7606/AD7606.v" Line 233
Stopped at time : 308945 ns : File "D:/FPGA/workspace/laser_receiver_project/laser_receiver_project.srcs/sources_1/imports/AD7606/AD7606.v" Line 241
Stopped at time : 308985 ns : File "D:/FPGA/workspace/laser_receiver_project/laser_receiver_project.srcs/sources_1/imports/AD7606/AD7606.v" Line 259
Stopped at time : 309025 ns : File "D:/FPGA/workspace/laser_receiver_project/laser_receiver_project.srcs/sources_1/imports/AD7606/AD7606.v" Line 267
Stopped at time : 309035 ns : File "D:/FPGA/workspace/laser_receiver_project/laser_receiver_project.srcs/sources_1/imports/AD7606/AD7606.v" Line 233
Stopped at time : 309095 ns : File "D:/FPGA/workspace/laser_receiver_project/laser_receiver_project.srcs/sources_1/imports/AD7606/AD7606.v" Line 241
Stopped at time : 309135 ns : File "D:/FPGA/workspace/laser_receiver_project/laser_receiver_project.srcs/sources_1/imports/AD7606/AD7606.v" Line 259
Stopped at time : 309175 ns : File "D:/FPGA/workspace/laser_receiver_project/laser_receiver_project.srcs/sources_1/imports/AD7606/AD7606.v" Line 267
Stopped at time : 309185 ns : File "D:/FPGA/workspace/laser_receiver_project/laser_receiver_project.srcs/sources_1/imports/AD7606/AD7606.v" Line 233
Stopped at time : 309245 ns : File "D:/FPGA/workspace/laser_receiver_project/laser_receiver_project.srcs/sources_1/imports/AD7606/AD7606.v" Line 241
Stopped at time : 309285 ns : File "D:/FPGA/workspace/laser_receiver_project/laser_receiver_project.srcs/sources_1/imports/AD7606/AD7606.v" Line 259
Stopped at time : 309325 ns : File "D:/FPGA/workspace/laser_receiver_project/laser_receiver_project.srcs/sources_1/imports/AD7606/AD7606.v" Line 267
Stopped at time : 309335 ns : File "D:/FPGA/workspace/laser_receiver_project/laser_receiver_project.srcs/sources_1/imports/AD7606/AD7606.v" Line 233
Stopped at time : 309395 ns : File "D:/FPGA/workspace/laser_receiver_project/laser_receiver_project.srcs/sources_1/imports/AD7606/AD7606.v" Line 241
Stopped at time : 309435 ns : File "D:/FPGA/workspace/laser_receiver_project/laser_receiver_project.srcs/sources_1/imports/AD7606/AD7606.v" Line 259
Stopped at time : 309475 ns : File "D:/FPGA/workspace/laser_receiver_project/laser_receiver_project.srcs/sources_1/imports/AD7606/AD7606.v" Line 267
Stopped at time : 309485 ns : File "D:/FPGA/workspace/laser_receiver_project/laser_receiver_project.srcs/sources_1/imports/AD7606/AD7606.v" Line 233
Stopped at time : 309545 ns : File "D:/FPGA/workspace/laser_receiver_project/laser_receiver_project.srcs/sources_1/imports/AD7606/AD7606.v" Line 241
Stopped at time : 309585 ns : File "D:/FPGA/workspace/laser_receiver_project/laser_receiver_project.srcs/sources_1/imports/AD7606/AD7606.v" Line 259
Stopped at time : 309625 ns : File "D:/FPGA/workspace/laser_receiver_project/laser_receiver_project.srcs/sources_1/imports/AD7606/AD7606.v" Line 267
Stopped at time : 309635 ns : File "D:/FPGA/workspace/laser_receiver_project/laser_receiver_project.srcs/sources_1/imports/AD7606/AD7606.v" Line 233
Stopped at time : 309695 ns : File "D:/FPGA/workspace/laser_receiver_project/laser_receiver_project.srcs/sources_1/imports/AD7606/AD7606.v" Line 241
Stopped at time : 309735 ns : File "D:/FPGA/workspace/laser_receiver_project/laser_receiver_project.srcs/sources_1/imports/AD7606/AD7606.v" Line 259
Stopped at time : 309775 ns : File "D:/FPGA/workspace/laser_receiver_project/laser_receiver_project.srcs/sources_1/imports/AD7606/AD7606.v" Line 267
Stopped at time : 309785 ns : File "D:/FPGA/workspace/laser_receiver_project/laser_receiver_project.srcs/sources_1/imports/AD7606/AD7606.v" Line 273
Stopped at time : 309905 ns : File "D:/FPGA/workspace/laser_receiver_project/laser_receiver_project.srcs/sources_1/imports/AD7606/AD7606.v" Line 205
Stopped at time : 309905 ns : File "D:/FPGA/workspace/laser_receiver_project/laser_receiver_project.srcs/sources_1/imports/AD7606/AD7606.v" Line 207
Stopped at time : 310025 ns : File "D:/FPGA/workspace/laser_receiver_project/laser_receiver_project.srcs/sources_1/imports/AD7606/AD7606.v" Line 218
Stopped at time : 310075 ns : File "D:/FPGA/workspace/laser_receiver_project/laser_receiver_project.srcs/sources_1/imports/AD7606/AD7606.v" Line 225
Stopped at time : 310085 ns : File "D:/FPGA/workspace/laser_receiver_project/laser_receiver_project.srcs/sources_1/imports/AD7606/AD7606.v" Line 233
Stopped at time : 310145 ns : File "D:/FPGA/workspace/laser_receiver_project/laser_receiver_project.srcs/sources_1/imports/AD7606/AD7606.v" Line 241
Stopped at time : 310185 ns : File "D:/FPGA/workspace/laser_receiver_project/laser_receiver_project.srcs/sources_1/imports/AD7606/AD7606.v" Line 259
Stopped at time : 310225 ns : File "D:/FPGA/workspace/laser_receiver_project/laser_receiver_project.srcs/sources_1/imports/AD7606/AD7606.v" Line 267
Stopped at time : 310235 ns : File "D:/FPGA/workspace/laser_receiver_project/laser_receiver_project.srcs/sources_1/imports/AD7606/AD7606.v" Line 233
Stopped at time : 310295 ns : File "D:/FPGA/workspace/laser_receiver_project/laser_receiver_project.srcs/sources_1/imports/AD7606/AD7606.v" Line 241
Stopped at time : 310335 ns : File "D:/FPGA/workspace/laser_receiver_project/laser_receiver_project.srcs/sources_1/imports/AD7606/AD7606.v" Line 259
Stopped at time : 310375 ns : File "D:/FPGA/workspace/laser_receiver_project/laser_receiver_project.srcs/sources_1/imports/AD7606/AD7606.v" Line 267
Stopped at time : 310385 ns : File "D:/FPGA/workspace/laser_receiver_project/laser_receiver_project.srcs/sources_1/imports/AD7606/AD7606.v" Line 233
Stopped at time : 310445 ns : File "D:/FPGA/workspace/laser_receiver_project/laser_receiver_project.srcs/sources_1/imports/AD7606/AD7606.v" Line 241
Stopped at time : 310485 ns : File "D:/FPGA/workspace/laser_receiver_project/laser_receiver_project.srcs/sources_1/imports/AD7606/AD7606.v" Line 259
Executing Axi4 End Of Simulation checks
Executing Axi4 End Of Simulation checks
Executing Axi4 End Of Simulation checks
Executing Axi4 End Of Simulation checks
Executing Axi4 End Of Simulation checks
Executing Axi4 End Of Simulation checks
Executing Axi4 End Of Simulation checks
Executing Axi4 End Of Simulation checks
Executing Axi4 End Of Simulation checks
