INFO: [VRFC 10-2263] Analyzing Verilog file "D:/Project/laser_receiver_project/laser_receiver_project.srcs/sources_1/imports/AD7606/low_pass_filter.v" into library xil_defaultlib
INFO: [VRFC 10-311] analyzing module low_pass_filter
INFO: [VRFC 10-2263] Analyzing Verilog file "D:/Project/laser_receiver_project/laser_receiver_project.srcs/sources_1/imports/AD7606/AD7606.v" into library xil_defaultlib
INFO: [VRFC 10-311] analyzing module ad7606c
INFO: [VRFC 10-2263] Analyzing Verilog file "D:/Project/laser_receiver_project/laser_receiver_project.ip_user_files/bd/laser_receiver_block/ip/laser_receiver_block_processing_system7_0_0/sim/laser_receiver_block_processing_system7_0_0.v" into library xil_defaultlib
INFO: [VRFC 10-311] analyzing module laser_receiver_block_processing_system7_0_0
INFO: [VRFC 10-2263] Analyzing Verilog file "D:/Project/laser_receiver_project/laser_receiver_project.ip_user_files/bd/laser_receiver_block/ip/laser_receiver_block_xbar_0/sim/laser_receiver_block_xbar_0.v" into library xil_defaultlib
INFO: [VRFC 10-311] analyzing module laser_receiver_block_xbar_0
INFO: [VRFC 10-2263] Analyzing Verilog file "D:/Project/laser_receiver_project/laser_receiver_project.ip_user_files/bd/laser_receiver_block/ip/laser_receiver_block_auto_pc_0/sim/laser_receiver_block_auto_pc_0.v" into library xil_defaultlib
INFO: [VRFC 10-311] analyzing module laser_receiver_block_auto_pc_0
INFO: [VRFC 10-2263] Analyzing Verilog file "D:/Project/laser_receiver_project/laser_receiver_project.ip_user_files/bd/laser_receiver_block/ip/laser_receiver_block_xlconcat_0_0/sim/laser_receiver_block_xlconcat_0_0.v" into library xil_defaultlib
INFO: [VRFC 10-311] analyzing module laser_receiver_block_xlconcat_0_0
INFO: [VRFC 10-2263] Analyzing Verilog file "D:/Project/laser_receiver_project/laser_receiver_project.ip_user_files/bd/laser_receiver_block/ip/laser_receiver_block_low_pass_filter_0_0/sim/laser_receiver_block_low_pass_filter_0_0.v" into library xil_defaultlib
INFO: [VRFC 10-311] analyzing module laser_receiver_block_low_pass_filter_0_0
INFO: [VRFC 10-2263] Analyzing Verilog file "D:/Project/laser_receiver_project/laser_receiver_project.ip_user_files/bd/laser_receiver_block/ip/laser_receiver_block_low_pass_filter_1_0/sim/laser_receiver_block_low_pass_filter_1_0.v" into library xil_defaultlib
INFO: [VRFC 10-311] analyzing module laser_receiver_block_low_pass_filter_1_0
INFO: [VRFC 10-2263] Analyzing Verilog file "D:/Project/laser_receiver_project/laser_receiver_project.ip_user_files/bd/laser_receiver_block/ip/laser_receiver_block_low_pass_filter_2_0/sim/laser_receiver_block_low_pass_filter_2_0.v" into library xil_defaultlib
INFO: [VRFC 10-311] analyzing module laser_receiver_block_low_pass_filter_2_0
INFO: [VRFC 10-2263] Analyzing Verilog file "D:/Project/laser_receiver_project/laser_receiver_project.ip_user_files/bd/laser_receiver_block/ip/laser_receiver_block_low_pass_filter_3_0/sim/laser_receiver_block_low_pass_filter_3_0.v" into library xil_defaultlib
INFO: [VRFC 10-311] analyzing module laser_receiver_block_low_pass_filter_3_0
INFO: [VRFC 10-2263] Analyzing Verilog file "D:/Project/laser_receiver_project/laser_receiver_project.ip_user_files/bd/laser_receiver_block/ip/laser_receiver_block_ad7606c_0_0/sim/laser_receiver_block_ad7606c_0_0.v" into library xil_defaultlib
INFO: [VRFC 10-311] analyzing module laser_receiver_block_ad7606c_0_0
INFO: [VRFC 10-2263] Analyzing Verilog file "D:/Project/laser_receiver_project/laser_receiver_project.ip_user_files/bd/laser_receiver_block/sim/laser_receiver_block.v" into library xil_defaultlib
INFO: [VRFC 10-311] analyzing module laser_receiver_block
INFO: [VRFC 10-311] analyzing module laser_receiver_block_ps7_0_axi_periph_0
INFO: [VRFC 10-311] analyzing module m00_couplers_imp_26HT6I
INFO: [VRFC 10-311] analyzing module m01_couplers_imp_GKN7CI
INFO: [VRFC 10-311] analyzing module m02_couplers_imp_Z9LN8Q
INFO: [VRFC 10-311] analyzing module m03_couplers_imp_IQ11B6
INFO: [VRFC 10-311] analyzing module m04_couplers_imp_1WCO15M
INFO: [VRFC 10-311] analyzing module m05_couplers_imp_1K3XT5E
INFO: [VRFC 10-311] analyzing module m06_couplers_imp_13KEKZU
INFO: [VRFC 10-311] analyzing module m07_couplers_imp_1DNPL8I
INFO: [VRFC 10-311] analyzing module m08_couplers_imp_HO2C57
INFO: [VRFC 10-311] analyzing module s00_couplers_imp_1D2IPA0
INFO: [VRFC 10-2263] Analyzing Verilog file "D:/Project/laser_receiver_project/laser_receiver_project.gen/sources_1/bd/laser_receiver_block/hdl/laser_receiver_block_wrapper.v" into library xil_defaultlib
INFO: [VRFC 10-311] analyzing module laser_receiver_block_wrapper
