Copyright 1986-2022 Xilinx, Inc. All Rights Reserved.
---------------------------------------------------------------------------------------------------------
| Tool Version : Vivado v.2022.2 (win64) Build 3671981 Fri Oct 14 05:00:03 MDT 2022
| Date         : Wed May 24 02:41:07 2023
| Host         : Chan running 64-bit major release  (build 9200)
| Command      : report_control_sets -verbose -file laser_receiver_block_wrapper_control_sets_placed.rpt
| Design       : laser_receiver_block_wrapper
| Device       : xc7z020
---------------------------------------------------------------------------------------------------------

Control Set Information

Table of Contents
-----------------
1. Summary
2. Histogram
3. Flip-Flop Distribution
4. Detailed Control Set Information

1. Summary
----------

+----------------------------------------------------------+-------+
|                          Status                          | Count |
+----------------------------------------------------------+-------+
| Total control sets                                       |    78 |
|    Minimum number of control sets                        |    78 |
|    Addition due to synthesis replication                 |     0 |
|    Addition due to physical synthesis replication        |     0 |
| Unused register locations in slices containing registers |   212 |
+----------------------------------------------------------+-------+
* Control sets can be merged at opt_design using control_set_merge or merge_equivalent_drivers
** Run report_qor_suggestions for automated merging and remapping suggestions


2. Histogram
------------

+--------------------+-------+
|       Fanout       | Count |
+--------------------+-------+
| Total control sets |    78 |
| >= 0 to < 4        |     2 |
| >= 4 to < 6        |    19 |
| >= 6 to < 8        |     5 |
| >= 8 to < 10       |     5 |
| >= 10 to < 12      |     2 |
| >= 12 to < 14      |    10 |
| >= 14 to < 16      |     2 |
| >= 16              |    33 |
+--------------------+-------+
* Control sets can be remapped at either synth_design or opt_design


3. Flip-Flop Distribution
-------------------------

+--------------+-----------------------+------------------------+-----------------+--------------+
| Clock Enable | Synchronous Set/Reset | Asynchronous Set/Reset | Total Registers | Total Slices |
+--------------+-----------------------+------------------------+-----------------+--------------+
| No           | No                    | No                     |             747 |          293 |
| No           | No                    | Yes                    |               0 |            0 |
| No           | Yes                   | No                     |             294 |          107 |
| Yes          | No                    | No                     |             568 |          148 |
| Yes          | No                    | Yes                    |               0 |            0 |
| Yes          | Yes                   | No                     |             347 |          101 |
+--------------+-----------------------+------------------------+-----------------+--------------+


4. Detailed Control Set Information
-----------------------------------

+-------------------------------------------------------------+----------------------------------------------------------------------------------------------------------------------------------------------------------------------------+-------------------------------------------------------------------------------------------------------------------------------------------------------------------+------------------+----------------+--------------+
|                         Clock Signal                        |                                                                                Enable Signal                                                                               |                                                                          Set/Reset Signal                                                                         | Slice Load Count | Bel Load Count | Bels / Slice |
+-------------------------------------------------------------+----------------------------------------------------------------------------------------------------------------------------------------------------------------------------+-------------------------------------------------------------------------------------------------------------------------------------------------------------------+------------------+----------------+--------------+
|  laser_receiver_block_i/processing_system7_0/inst/FCLK_CLK0 | laser_receiver_block_i/ps7_0_axi_periph/s00_couplers/auto_pc/inst/gen_axilite.gen_b2s_conv.axilite_b2s/WR.aw_channel_0/aw_cmd_fsm_0/FSM_sequential_state_reg[0]_1          | laser_receiver_block_i/ps7_0_axi_periph/s00_couplers/auto_pc/inst/gen_axilite.gen_b2s_conv.axilite_b2s/WR.aw_channel_0/aw_cmd_fsm_0/FSM_sequential_state_reg[0]_0 |                1 |              1 |         1.00 |
|  laser_receiver_block_i/processing_system7_0/inst/FCLK_CLK0 | laser_receiver_block_i/ps7_0_axi_periph/s00_couplers/auto_pc/inst/gen_axilite.gen_b2s_conv.axilite_b2s/WR.b_channel_0/bid_fifo_0/sel                                       |                                                                                                                                                                   |                1 |              2 |         2.00 |
|  laser_receiver_block_i/processing_system7_0/inst/FCLK_CLK0 |                                                                                                                                                                            | laser_receiver_block_i/ps7_0_axi_periph/s00_couplers/auto_pc/inst/gen_axilite.gen_b2s_conv.axilite_b2s/SI_REG/ar.ar_pipe/aresetn_d_reg[1]_inv_0                   |                2 |              4 |         2.00 |
|  laser_receiver_block_i/processing_system7_0/inst/FCLK_CLK0 |                                                                                                                                                                            | laser_receiver_block_i/axi_gpio_0/U0/AXI_LITE_IPIF_I/I_SLAVE_ATTACHMENT/clear                                                                                     |                1 |              4 |         4.00 |
|  laser_receiver_block_i/processing_system7_0/inst/FCLK_CLK0 | laser_receiver_block_i/axi_uartlite_0/U0/AXI_LITE_IPIF_I/I_SLAVE_ATTACHMENT/start2                                                                                         | laser_receiver_block_i/axi_uartlite_0/U0/AXI_LITE_IPIF_I/I_SLAVE_ATTACHMENT/I_DECODER/cs_ce_clr                                                                   |                1 |              4 |         4.00 |
|  laser_receiver_block_i/processing_system7_0/inst/FCLK_CLK0 | laser_receiver_block_i/axi_gpio_1/U0/AXI_LITE_IPIF_I/I_SLAVE_ATTACHMENT/bus2ip_addr_i[8]_i_1_n_0                                                                           | laser_receiver_block_i/axi_gpio_1/U0/AXI_LITE_IPIF_I/I_SLAVE_ATTACHMENT/SR[0]                                                                                     |                1 |              4 |         4.00 |
|  laser_receiver_block_i/processing_system7_0/inst/FCLK_CLK0 | laser_receiver_block_i/axi_gpio_4/U0/AXI_LITE_IPIF_I/I_SLAVE_ATTACHMENT/start2                                                                                             | laser_receiver_block_i/axi_gpio_4/U0/AXI_LITE_IPIF_I/I_SLAVE_ATTACHMENT/I_DECODER/cs_ce_clr                                                                       |                1 |              4 |         4.00 |
|  laser_receiver_block_i/processing_system7_0/inst/FCLK_CLK0 |                                                                                                                                                                            | laser_receiver_block_i/axi_gpio_1/U0/AXI_LITE_IPIF_I/I_SLAVE_ATTACHMENT/clear                                                                                     |                1 |              4 |         4.00 |
|  laser_receiver_block_i/processing_system7_0/inst/FCLK_CLK0 | laser_receiver_block_i/axi_gpio_4/U0/AXI_LITE_IPIF_I/I_SLAVE_ATTACHMENT/bus2ip_addr_i[8]_i_1_n_0                                                                           | laser_receiver_block_i/axi_gpio_4/U0/AXI_LITE_IPIF_I/I_SLAVE_ATTACHMENT/SR[0]                                                                                     |                2 |              4 |         2.00 |
|  laser_receiver_block_i/processing_system7_0/inst/FCLK_CLK0 |                                                                                                                                                                            | laser_receiver_block_i/axi_gpio_6/U0/AXI_LITE_IPIF_I/I_SLAVE_ATTACHMENT/clear                                                                                     |                1 |              4 |         4.00 |
|  laser_receiver_block_i/processing_system7_0/inst/FCLK_CLK0 | laser_receiver_block_i/axi_gpio_0/U0/AXI_LITE_IPIF_I/I_SLAVE_ATTACHMENT/bus2ip_addr_i[8]_i_1_n_0                                                                           | laser_receiver_block_i/axi_gpio_0/U0/AXI_LITE_IPIF_I/I_SLAVE_ATTACHMENT/SR[0]                                                                                     |                1 |              4 |         4.00 |
|  laser_receiver_block_i/processing_system7_0/inst/FCLK_CLK0 | laser_receiver_block_i/axi_gpio_0/U0/AXI_LITE_IPIF_I/I_SLAVE_ATTACHMENT/start2                                                                                             | laser_receiver_block_i/axi_gpio_0/U0/AXI_LITE_IPIF_I/I_SLAVE_ATTACHMENT/I_DECODER/cs_ce_clr                                                                       |                2 |              4 |         2.00 |
|  laser_receiver_block_i/processing_system7_0/inst/FCLK_CLK0 |                                                                                                                                                                            | laser_receiver_block_i/axi_gpio_4/U0/AXI_LITE_IPIF_I/I_SLAVE_ATTACHMENT/clear                                                                                     |                1 |              4 |         4.00 |
|  laser_receiver_block_i/processing_system7_0/inst/FCLK_CLK0 | laser_receiver_block_i/axi_uartlite_0/U0/UARTLITE_CORE_I/BAUD_RATE_I/en_16x_Baud                                                                                           |                                                                                                                                                                   |                1 |              4 |         4.00 |
|  laser_receiver_block_i/processing_system7_0/inst/FCLK_CLK0 | laser_receiver_block_i/ps7_0_axi_periph/s00_couplers/auto_pc/inst/gen_axilite.gen_b2s_conv.axilite_b2s/RD.ar_channel_0/ar_cmd_fsm_0/m_axi_arready_2                        | laser_receiver_block_i/ps7_0_axi_periph/s00_couplers/auto_pc/inst/gen_axilite.gen_b2s_conv.axilite_b2s/RD.ar_channel_0/ar_cmd_fsm_0/FSM_sequential_state_reg[1]_0 |                1 |              4 |         4.00 |
|  laser_receiver_block_i/processing_system7_0/inst/FCLK_CLK0 | laser_receiver_block_i/axi_gpio_6/U0/AXI_LITE_IPIF_I/I_SLAVE_ATTACHMENT/s_axi_rresp_i                                                                                      | laser_receiver_block_i/axi_gpio_6/U0/AXI_LITE_IPIF_I/I_SLAVE_ATTACHMENT/SS[0]                                                                                     |                1 |              4 |         4.00 |
|  laser_receiver_block_i/processing_system7_0/inst/FCLK_CLK0 |                                                                                                                                                                            | laser_receiver_block_i/rst_ps7_0_100M/U0/EXT_LPF/lpf_int                                                                                                          |                2 |              4 |         2.00 |
|  laser_receiver_block_i/processing_system7_0/inst/FCLK_CLK0 | laser_receiver_block_i/axi_gpio_1/U0/AXI_LITE_IPIF_I/I_SLAVE_ATTACHMENT/start2                                                                                             | laser_receiver_block_i/axi_gpio_1/U0/AXI_LITE_IPIF_I/I_SLAVE_ATTACHMENT/I_DECODER/cs_ce_clr                                                                       |                1 |              4 |         4.00 |
|  laser_receiver_block_i/processing_system7_0/inst/FCLK_CLK0 |                                                                                                                                                                            | laser_receiver_block_i/ps7_0_axi_periph/s00_couplers/auto_pc/inst/gen_axilite.gen_b2s_conv.axilite_b2s/SI_REG/aw.aw_pipe/aresetn_d_reg[0]_0                       |                2 |              4 |         2.00 |
|  laser_receiver_block_i/processing_system7_0/inst/FCLK_CLK0 | laser_receiver_block_i/ps7_0_axi_periph/s00_couplers/auto_pc/inst/gen_axilite.gen_b2s_conv.axilite_b2s/RD.r_channel_0/rd_data_fifo_0/cnt_read[4]_i_1__0_n_0                | laser_receiver_block_i/ps7_0_axi_periph/s00_couplers/auto_pc/inst/gen_axilite.gen_b2s_conv.axilite_b2s/areset_d1                                                  |                2 |              5 |         2.50 |
|  laser_receiver_block_i/processing_system7_0/inst/FCLK_CLK0 | laser_receiver_block_i/ps7_0_axi_periph/s00_couplers/auto_pc/inst/gen_axilite.gen_b2s_conv.axilite_b2s/RD.r_channel_0/transaction_fifo_0/cnt_read[4]_i_1_n_0               | laser_receiver_block_i/ps7_0_axi_periph/s00_couplers/auto_pc/inst/gen_axilite.gen_b2s_conv.axilite_b2s/areset_d1                                                  |                3 |              5 |         1.67 |
|  laser_receiver_block_i/processing_system7_0/inst/FCLK_CLK0 | laser_receiver_block_i/ad7606c_0/inst/adc_db_reg                                                                                                                           |                                                                                                                                                                   |                3 |              6 |         2.00 |
|  laser_receiver_block_i/processing_system7_0/inst/FCLK_CLK0 |                                                                                                                                                                            | laser_receiver_block_i/axi_uartlite_0/U0/UARTLITE_CORE_I/UARTLITE_TX_I/SRL_FIFO_I/I_SRL_FIFO_RBU_F/CNTR_INCR_DECR_ADDN_F_I/SS[0]                                  |                4 |              6 |         1.50 |
|  laser_receiver_block_i/processing_system7_0/inst/FCLK_CLK0 | laser_receiver_block_i/rst_ps7_0_100M/U0/SEQ/seq_cnt_en                                                                                                                    | laser_receiver_block_i/rst_ps7_0_100M/U0/SEQ/SEQ_COUNTER/clear                                                                                                    |                1 |              6 |         6.00 |
|  laser_receiver_block_i/processing_system7_0/inst/FCLK_CLK0 |                                                                                                                                                                            | laser_receiver_block_i/axi_uartlite_0/U0/UARTLITE_CORE_I/UARTLITE_RX_I/SRL_FIFO_I/I_SRL_FIFO_RBU_F/CNTR_INCR_DECR_ADDN_F_I/SS[0]                                  |                2 |              6 |         3.00 |
|  laser_receiver_block_i/processing_system7_0/inst/FCLK_CLK0 | laser_receiver_block_i/axi_uartlite_0/U0/UARTLITE_CORE_I/BAUD_RATE_I/en_16x_Baud                                                                                           | laser_receiver_block_i/axi_uartlite_0/U0/UARTLITE_CORE_I/UARTLITE_RX_I/SERIAL_TO_PARALLEL[8].fifo_din[8]_i_1_n_0                                                  |                1 |              7 |         7.00 |
|  laser_receiver_block_i/processing_system7_0/inst/FCLK_CLK0 | laser_receiver_block_i/axi_uartlite_0/U0/AXI_LITE_IPIF_I/I_SLAVE_ATTACHMENT/I_DECODER/fifo_wr                                                                              |                                                                                                                                                                   |                1 |              8 |         8.00 |
|  laser_receiver_block_i/processing_system7_0/inst/FCLK_CLK0 | laser_receiver_block_i/axi_gpio_6/U0/AXI_LITE_IPIF_I/I_SLAVE_ATTACHMENT/bus2ip_addr_i[8]_i_1_n_0                                                                           | laser_receiver_block_i/axi_gpio_6/U0/AXI_LITE_IPIF_I/I_SLAVE_ATTACHMENT/SS[0]                                                                                     |                3 |              8 |         2.67 |
|  laser_receiver_block_i/processing_system7_0/inst/FCLK_CLK0 | laser_receiver_block_i/axi_uartlite_0/U0/UARTLITE_CORE_I/UARTLITE_RX_I/SRL_FIFO_I/I_SRL_FIFO_RBU_F/DYNSHREG_F_I/fifo_wr                                                    |                                                                                                                                                                   |                1 |              8 |         8.00 |
|  laser_receiver_block_i/processing_system7_0/inst/FCLK_CLK0 | laser_receiver_block_i/ps7_0_axi_periph/s00_couplers/auto_pc/inst/gen_axilite.gen_b2s_conv.axilite_b2s/WR.b_channel_0/mhandshake_r                                         | laser_receiver_block_i/ps7_0_axi_periph/s00_couplers/auto_pc/inst/gen_axilite.gen_b2s_conv.axilite_b2s/WR.b_channel_0/bid_fifo_0/SR[0]                            |                3 |              8 |         2.67 |
|  laser_receiver_block_i/processing_system7_0/inst/FCLK_CLK0 | laser_receiver_block_i/axi_uartlite_0/U0/AXI_LITE_IPIF_I/I_SLAVE_ATTACHMENT/s_axi_rresp_i                                                                                  | laser_receiver_block_i/axi_uartlite_0/U0/AXI_LITE_IPIF_I/I_SLAVE_ATTACHMENT/rst                                                                                   |                2 |              9 |         4.50 |
|  laser_receiver_block_i/processing_system7_0/inst/FCLK_CLK0 |                                                                                                                                                                            | laser_receiver_block_i/ps7_0_axi_periph/s00_couplers/auto_pc/inst/gen_axilite.gen_b2s_conv.axilite_b2s/areset_d1                                                  |                5 |             10 |         2.00 |
|  laser_receiver_block_i/processing_system7_0/inst/FCLK_CLK0 |                                                                                                                                                                            | laser_receiver_block_i/axi_uartlite_0/U0/AXI_LITE_IPIF_I/I_SLAVE_ATTACHMENT/rst                                                                                   |                4 |             11 |         2.75 |
|  laser_receiver_block_i/processing_system7_0/inst/FCLK_CLK0 | laser_receiver_block_i/ad7606c_0/inst/_out_data                                                                                                                            |                                                                                                                                                                   |                6 |             12 |         2.00 |
|  laser_receiver_block_i/processing_system7_0/inst/FCLK_CLK0 | laser_receiver_block_i/ps7_0_axi_periph/s00_couplers/auto_pc/inst/gen_axilite.gen_b2s_conv.axilite_b2s/RD.ar_channel_0/ar_cmd_fsm_0/sel_first_reg[0]                       |                                                                                                                                                                   |                2 |             12 |         6.00 |
|  laser_receiver_block_i/processing_system7_0/inst/FCLK_CLK0 | laser_receiver_block_i/ad7606c_0/inst/_out_data[0][15]_i_1_n_0                                                                                                             |                                                                                                                                                                   |                5 |             12 |         2.40 |
|  laser_receiver_block_i/processing_system7_0/inst/FCLK_CLK0 | laser_receiver_block_i/ad7606c_0/inst/_out_data[1][15]_i_1_n_0                                                                                                             |                                                                                                                                                                   |                6 |             12 |         2.00 |
|  laser_receiver_block_i/processing_system7_0/inst/FCLK_CLK0 | laser_receiver_block_i/ad7606c_0/inst/_out_data[2][15]_i_1_n_0                                                                                                             |                                                                                                                                                                   |                3 |             12 |         4.00 |
|  laser_receiver_block_i/processing_system7_0/inst/FCLK_CLK0 | laser_receiver_block_i/ps7_0_axi_periph/s00_couplers/auto_pc/inst/gen_axilite.gen_b2s_conv.axilite_b2s/RD.ar_channel_0/ar_cmd_fsm_0/E[0]                                   |                                                                                                                                                                   |                5 |             12 |         2.40 |
|  laser_receiver_block_i/processing_system7_0/inst/FCLK_CLK0 | laser_receiver_block_i/ps7_0_axi_periph/s00_couplers/auto_pc/inst/gen_axilite.gen_b2s_conv.axilite_b2s/WR.aw_channel_0/aw_cmd_fsm_0/m_valid_i_reg[0]                       |                                                                                                                                                                   |                4 |             12 |         3.00 |
|  laser_receiver_block_i/processing_system7_0/inst/FCLK_CLK0 | laser_receiver_block_i/ps7_0_axi_periph/s00_couplers/auto_pc/inst/gen_axilite.gen_b2s_conv.axilite_b2s/WR.aw_channel_0/cmd_translator_0/incr_cmd_0/axaddr_incr[11]_i_1_n_0 |                                                                                                                                                                   |                4 |             12 |         3.00 |
|  laser_receiver_block_i/processing_system7_0/inst/FCLK_CLK0 |                                                                                                                                                                            | laser_receiver_block_i/ps7_0_axi_periph/xbar/inst/gen_sasd.crossbar_sasd_0/addr_arbiter_inst/SR[0]                                                                |                9 |             13 |         1.44 |
|  laser_receiver_block_i/processing_system7_0/inst/FCLK_CLK0 | laser_receiver_block_i/ps7_0_axi_periph/s00_couplers/auto_pc/inst/gen_axilite.gen_b2s_conv.axilite_b2s/RD.r_channel_0/r_push_r                                             |                                                                                                                                                                   |                4 |             13 |         3.25 |
|  laser_receiver_block_i/processing_system7_0/inst/FCLK_CLK0 | laser_receiver_block_i/ps7_0_axi_periph/s00_couplers/auto_pc/inst/gen_axilite.gen_b2s_conv.axilite_b2s/SI_REG/b.b_pipe/s_ready_i_reg_0                                     |                                                                                                                                                                   |                3 |             14 |         4.67 |
|  laser_receiver_block_i/processing_system7_0/inst/FCLK_CLK0 | laser_receiver_block_i/ps7_0_axi_periph/s00_couplers/auto_pc/inst/gen_axilite.gen_b2s_conv.axilite_b2s/SI_REG/b.b_pipe/p_1_in                                              |                                                                                                                                                                   |                3 |             14 |         4.67 |
|  laser_receiver_block_i/processing_system7_0/inst/FCLK_CLK0 | laser_receiver_block_i/ps7_0_axi_periph/s00_couplers/auto_pc/inst/gen_axilite.gen_b2s_conv.axilite_b2s/WR.aw_channel_0/aw_cmd_fsm_0/m_axi_awready_0                        |                                                                                                                                                                   |                3 |             16 |         5.33 |
|  laser_receiver_block_i/processing_system7_0/inst/FCLK_CLK0 | laser_receiver_block_i/axi_gpio_0/U0/AXI_LITE_IPIF_I/I_SLAVE_ATTACHMENT/I_DECODER/E[0]                                                                                     | laser_receiver_block_i/axi_gpio_0/U0/AXI_LITE_IPIF_I/I_SLAVE_ATTACHMENT/SR[0]                                                                                     |                5 |             16 |         3.20 |
|  laser_receiver_block_i/processing_system7_0/inst/FCLK_CLK0 | laser_receiver_block_i/axi_gpio_1/U0/AXI_LITE_IPIF_I/I_SLAVE_ATTACHMENT/I_DECODER/E[0]                                                                                     | laser_receiver_block_i/axi_gpio_1/U0/AXI_LITE_IPIF_I/I_SLAVE_ATTACHMENT/SR[0]                                                                                     |                4 |             16 |         4.00 |
|  laser_receiver_block_i/processing_system7_0/inst/FCLK_CLK0 | laser_receiver_block_i/axi_gpio_1/U0/AXI_LITE_IPIF_I/I_SLAVE_ATTACHMENT/I_DECODER/bus2ip_rnw_i_reg[0]                                                                      | laser_receiver_block_i/axi_gpio_1/U0/AXI_LITE_IPIF_I/I_SLAVE_ATTACHMENT/SR[0]                                                                                     |                4 |             16 |         4.00 |
|  laser_receiver_block_i/processing_system7_0/inst/FCLK_CLK0 | laser_receiver_block_i/axi_gpio_0/U0/AXI_LITE_IPIF_I/I_SLAVE_ATTACHMENT/I_DECODER/bus2ip_rnw_i_reg[0]                                                                      | laser_receiver_block_i/axi_gpio_0/U0/AXI_LITE_IPIF_I/I_SLAVE_ATTACHMENT/SR[0]                                                                                     |                4 |             16 |         4.00 |
|  laser_receiver_block_i/processing_system7_0/inst/FCLK_CLK0 | laser_receiver_block_i/axi_gpio_1/U0/AXI_LITE_IPIF_I/I_SLAVE_ATTACHMENT/s_axi_rresp_i                                                                                      | laser_receiver_block_i/axi_gpio_1/U0/AXI_LITE_IPIF_I/I_SLAVE_ATTACHMENT/SR[0]                                                                                     |                4 |             17 |         4.25 |
|  laser_receiver_block_i/processing_system7_0/inst/FCLK_CLK0 | laser_receiver_block_i/axi_gpio_0/U0/AXI_LITE_IPIF_I/I_SLAVE_ATTACHMENT/s_axi_rresp_i                                                                                      | laser_receiver_block_i/axi_gpio_0/U0/AXI_LITE_IPIF_I/I_SLAVE_ATTACHMENT/SR[0]                                                                                     |                8 |             17 |         2.12 |
|  laser_receiver_block_i/processing_system7_0/inst/FCLK_CLK0 | laser_receiver_block_i/axi_gpio_6/U0/AXI_LITE_IPIF_I/I_SLAVE_ATTACHMENT/start2                                                                                             | laser_receiver_block_i/axi_gpio_6/U0/AXI_LITE_IPIF_I/I_SLAVE_ATTACHMENT/I_DECODER/cs_ce_clr                                                                       |                4 |             21 |         5.25 |
|  laser_receiver_block_i/processing_system7_0/inst/FCLK_CLK0 | laser_receiver_block_i/ps7_0_axi_periph/s00_couplers/auto_pc/inst/gen_axilite.gen_b2s_conv.axilite_b2s/RD.ar_channel_0/ar_cmd_fsm_0/m_axi_arready_2                        |                                                                                                                                                                   |                7 |             21 |         3.00 |
|  laser_receiver_block_i/processing_system7_0/inst/FCLK_CLK0 | laser_receiver_block_i/ps7_0_axi_periph/xbar/inst/gen_sasd.crossbar_sasd_0/addr_arbiter_inst/p_0_in1_in                                                                    | laser_receiver_block_i/ps7_0_axi_periph/xbar/inst/gen_sasd.crossbar_sasd_0/addr_arbiter_inst/SR[0]                                                                |                7 |             23 |         3.29 |
|  laser_receiver_block_i/processing_system7_0/inst/FCLK_CLK0 | laser_receiver_block_i/ps7_0_axi_periph/s00_couplers/auto_pc/inst/gen_axilite.gen_b2s_conv.axilite_b2s/WR.aw_channel_0/aw_cmd_fsm_0/FSM_sequential_state_reg[0]_1          |                                                                                                                                                                   |               10 |             24 |         2.40 |
|  laser_receiver_block_i/processing_system7_0/inst/FCLK_CLK0 |                                                                                                                                                                            | laser_receiver_block_i/axi_gpio_4/U0/AXI_LITE_IPIF_I/I_SLAVE_ATTACHMENT/SR[0]                                                                                     |                8 |             24 |         3.00 |
|  laser_receiver_block_i/processing_system7_0/inst/FCLK_CLK0 |                                                                                                                                                                            | laser_receiver_block_i/axi_uartlite_0/U0/UARTLITE_CORE_I/UARTLITE_RX_I/s_axi_aresetn_0                                                                            |               10 |             27 |         2.70 |
|  laser_receiver_block_i/processing_system7_0/inst/FCLK_CLK0 | laser_receiver_block_i/axi_uartlite_0/U0/UARTLITE_CORE_I/BAUD_RATE_I/en_16x_Baud                                                                                           | laser_receiver_block_i/axi_uartlite_0/U0/UARTLITE_CORE_I/UARTLITE_RX_I/s_axi_aresetn_0                                                                            |                9 |             28 |         3.11 |
|  laser_receiver_block_i/processing_system7_0/inst/FCLK_CLK0 | laser_receiver_block_i/ad7606c_0/inst/state[31]_i_2_n_0                                                                                                                    | laser_receiver_block_i/ad7606c_0/inst/state[31]_i_1_n_0                                                                                                           |                8 |             28 |         3.50 |
|  laser_receiver_block_i/processing_system7_0/inst/FCLK_CLK0 | laser_receiver_block_i/ad7606c_0/inst/channel_0                                                                                                                            | laser_receiver_block_i/ad7606c_0/inst/channel[31]_i_1_n_0                                                                                                         |                9 |             32 |         3.56 |
|  laser_receiver_block_i/processing_system7_0/inst/FCLK_CLK0 |                                                                                                                                                                            | laser_receiver_block_i/axi_gpio_1/U0/AXI_LITE_IPIF_I/I_SLAVE_ATTACHMENT/SR[0]                                                                                     |               16 |             32 |         2.00 |
|  laser_receiver_block_i/processing_system7_0/inst/FCLK_CLK0 |                                                                                                                                                                            | laser_receiver_block_i/axi_gpio_1/U0/AXI_LITE_IPIF_I/I_SLAVE_ATTACHMENT/I_DECODER/bus2ip_rnw_i_reg_0                                                              |               10 |             32 |         3.20 |
|  laser_receiver_block_i/processing_system7_0/inst/FCLK_CLK0 |                                                                                                                                                                            | laser_receiver_block_i/axi_gpio_0/U0/AXI_LITE_IPIF_I/I_SLAVE_ATTACHMENT/I_DECODER/bus2ip_rnw_i_reg_0                                                              |                9 |             32 |         3.56 |
|  laser_receiver_block_i/processing_system7_0/inst/FCLK_CLK0 |                                                                                                                                                                            | laser_receiver_block_i/axi_gpio_0/U0/AXI_LITE_IPIF_I/I_SLAVE_ATTACHMENT/SR[0]                                                                                     |                9 |             32 |         3.56 |
|  laser_receiver_block_i/processing_system7_0/inst/FCLK_CLK0 | laser_receiver_block_i/ad7606c_0/inst/counter[0]_i_2_n_0                                                                                                                   | laser_receiver_block_i/ad7606c_0/inst/counter                                                                                                                     |                8 |             32 |         4.00 |
|  laser_receiver_block_i/processing_system7_0/inst/FCLK_CLK0 | laser_receiver_block_i/ps7_0_axi_periph/xbar/inst/gen_sasd.crossbar_sasd_0/reg_slice_r/aa_rready                                                                           |                                                                                                                                                                   |               10 |             34 |         3.40 |
|  laser_receiver_block_i/processing_system7_0/inst/FCLK_CLK0 | laser_receiver_block_i/ps7_0_axi_periph/s00_couplers/auto_pc/inst/gen_axilite.gen_b2s_conv.axilite_b2s/RD.r_channel_0/rd_data_fifo_0/wr_en0                                |                                                                                                                                                                   |                9 |             34 |         3.78 |
|  laser_receiver_block_i/processing_system7_0/inst/FCLK_CLK0 | laser_receiver_block_i/ps7_0_axi_periph/xbar/inst/gen_sasd.crossbar_sasd_0/addr_arbiter_inst/E[0]                                                                          |                                                                                                                                                                   |                8 |             35 |         4.38 |
|  laser_receiver_block_i/processing_system7_0/inst/FCLK_CLK0 | laser_receiver_block_i/ad7606c_0/inst/led1_i_1_n_0                                                                                                                         |                                                                                                                                                                   |               10 |             36 |         3.60 |
|  laser_receiver_block_i/processing_system7_0/inst/FCLK_CLK0 |                                                                                                                                                                            | laser_receiver_block_i/axi_gpio_6/U0/AXI_LITE_IPIF_I/I_SLAVE_ATTACHMENT/SS[0]                                                                                     |               11 |             41 |         3.73 |
|  laser_receiver_block_i/processing_system7_0/inst/FCLK_CLK0 | laser_receiver_block_i/ps7_0_axi_periph/s00_couplers/auto_pc/inst/gen_axilite.gen_b2s_conv.axilite_b2s/SI_REG/r.r_pipe/p_1_in                                              |                                                                                                                                                                   |                8 |             47 |         5.88 |
|  laser_receiver_block_i/processing_system7_0/inst/FCLK_CLK0 | laser_receiver_block_i/ps7_0_axi_periph/s00_couplers/auto_pc/inst/gen_axilite.gen_b2s_conv.axilite_b2s/SI_REG/r.r_pipe/s_ready_i_reg_0                                     |                                                                                                                                                                   |               12 |             47 |         3.92 |
|  laser_receiver_block_i/processing_system7_0/inst/FCLK_CLK0 | laser_receiver_block_i/ps7_0_axi_periph/s00_couplers/auto_pc/inst/gen_axilite.gen_b2s_conv.axilite_b2s/WR.aw_channel_0/aw_cmd_fsm_0/E[0]                                   |                                                                                                                                                                   |                8 |             48 |         6.00 |
|  laser_receiver_block_i/processing_system7_0/inst/FCLK_CLK0 | laser_receiver_block_i/ps7_0_axi_periph/s00_couplers/auto_pc/inst/gen_axilite.gen_b2s_conv.axilite_b2s/RD.ar_channel_0/ar_cmd_fsm_0/m_valid_i_reg[0]                       |                                                                                                                                                                   |                9 |             48 |         5.33 |
|  laser_receiver_block_i/processing_system7_0/inst/FCLK_CLK0 | laser_receiver_block_i/ps7_0_axi_periph/s00_couplers/auto_pc/inst/gen_axilite.gen_b2s_conv.axilite_b2s/SI_REG/ar.ar_pipe/s_ready_i_reg_0                                   |                                                                                                                                                                   |               12 |             48 |         4.00 |
|  laser_receiver_block_i/processing_system7_0/inst/FCLK_CLK0 | laser_receiver_block_i/ps7_0_axi_periph/s00_couplers/auto_pc/inst/gen_axilite.gen_b2s_conv.axilite_b2s/SI_REG/aw.aw_pipe/s_ready_i_reg_0                                   |                                                                                                                                                                   |                9 |             48 |         5.33 |
|  laser_receiver_block_i/processing_system7_0/inst/FCLK_CLK0 |                                                                                                                                                                            |                                                                                                                                                                   |              294 |            748 |         2.54 |
+-------------------------------------------------------------+----------------------------------------------------------------------------------------------------------------------------------------------------------------------------+-------------------------------------------------------------------------------------------------------------------------------------------------------------------+------------------+----------------+--------------+


